  input = module(input)
[0/70] mean_loss : 3.63
[0/70] mean_loss : 1.61
[1/70] mean_loss : 1.25
[1/70] mean_loss : 1.25
[2/70] mean_loss : 1.26
[2/70] mean_loss : 1.25
[3/70] mean_loss : 1.26
[3/70] mean_loss : 1.25
[4/70] mean_loss : 1.25
[4/70] mean_loss : 1.25
[5/70] mean_loss : 1.21
[5/70] mean_loss : 1.23
[6/70] mean_loss : 1.21
[6/70] mean_loss : 1.23
[7/70] mean_loss : 1.24
[7/70] mean_loss : 1.23
[8/70] mean_loss : 1.23
[8/70] mean_loss : 1.23
[9/70] mean_loss : 1.23
[9/70] mean_loss : 1.23
[10/70] mean_loss : 1.21
[10/70] mean_loss : 1.22
[11/70] mean_loss : 1.21
[11/70] mean_loss : 1.23
[12/70] mean_loss : 1.16
[12/70] mean_loss : 1.22
[13/70] mean_loss : 1.24
[13/70] mean_loss : 1.22
[14/70] mean_loss : 1.22
[14/70] mean_loss : 1.22
[15/70] mean_loss : 1.22
[15/70] mean_loss : 1.22
[16/70] mean_loss : 1.18
[16/70] mean_loss : 1.22
[17/70] mean_loss : 1.25
[17/70] mean_loss : 1.22
[18/70] mean_loss : 1.23
[18/70] mean_loss : 1.22
[19/70] mean_loss : 1.21
[19/70] mean_loss : 1.21
[20/70] mean_loss : 1.20
[20/70] mean_loss : 1.21
[21/70] mean_loss : 1.21
[21/70] mean_loss : 1.21
[22/70] mean_loss : 1.26
[22/70] mean_loss : 1.21
[23/70] mean_loss : 1.23
[23/70] mean_loss : 1.20
[24/70] mean_loss : 1.23
[24/70] mean_loss : 1.18
[25/70] mean_loss : 1.16
[25/70] mean_loss : 1.16
[26/70] mean_loss : 1.14
[26/70] mean_loss : 1.14
[27/70] mean_loss : 1.11
[27/70] mean_loss : 1.10
[28/70] mean_loss : 1.05
[28/70] mean_loss : 1.07
[29/70] mean_loss : 1.02
[29/70] mean_loss : 1.03
[30/70] mean_loss : 1.07
[30/70] mean_loss : 0.99
[31/70] mean_loss : 0.92
[31/70] mean_loss : 0.95
[32/70] mean_loss : 0.89
[32/70] mean_loss : 0.91
[33/70] mean_loss : 0.84
[33/70] mean_loss : 0.86
[34/70] mean_loss : 0.80
[34/70] mean_loss : 0.81
[35/70] mean_loss : 0.79
[35/70] mean_loss : 0.75
[36/70] mean_loss : 0.71
[36/70] mean_loss : 0.71
[37/70] mean_loss : 0.65
[37/70] mean_loss : 0.66
[38/70] mean_loss : 0.63
[38/70] mean_loss : 0.62
[39/70] mean_loss : 0.55
[39/70] mean_loss : 0.57
[40/70] mean_loss : 0.49
[40/70] mean_loss : 0.53
[41/70] mean_loss : 0.53
[41/70] mean_loss : 0.48
[42/70] mean_loss : 0.49
[42/70] mean_loss : 0.44
[43/70] mean_loss : 0.50
[43/70] mean_loss : 0.41
[44/70] mean_loss : 0.31
[44/70] mean_loss : 0.37
[45/70] mean_loss : 0.24
[45/70] mean_loss : 0.33
[46/70] mean_loss : 0.28
[46/70] mean_loss : 0.30
[47/70] mean_loss : 0.23
[47/70] mean_loss : 0.27
[48/70] mean_loss : 0.26
[48/70] mean_loss : 0.24
[49/70] mean_loss : 0.24
[49/70] mean_loss : 0.21
[50/70] mean_loss : 0.16
[50/70] mean_loss : 0.18
[51/70] mean_loss : 0.12
[51/70] mean_loss : 0.17
[52/70] mean_loss : 0.10
[52/70] mean_loss : 0.14
[53/70] mean_loss : 0.17
[53/70] mean_loss : 0.13
[54/70] mean_loss : 0.07
[54/70] mean_loss : 0.10
[55/70] mean_loss : 0.10
[55/70] mean_loss : 0.09
[56/70] mean_loss : 0.05
[56/70] mean_loss : 0.09
[57/70] mean_loss : 0.08
[57/70] mean_loss : 0.07
[58/70] mean_loss : 0.05
[58/70] mean_loss : 0.06
[59/70] mean_loss : 0.09
[59/70] mean_loss : 0.06
[60/70] mean_loss : 0.07
[60/70] mean_loss : 0.06
[61/70] mean_loss : 0.05
[61/70] mean_loss : 0.08
[62/70] mean_loss : 0.11
[62/70] mean_loss : 0.09
[63/70] mean_loss : 0.08
[63/70] mean_loss : 0.09
[64/70] mean_loss : 0.05
[64/70] mean_loss : 0.04
[65/70] mean_loss : 0.02
[65/70] mean_loss : 0.03
[66/70] mean_loss : 0.02
[66/70] mean_loss : 0.02
[67/70] mean_loss : 0.01
Early Stopping!
18.2
Error occurred
[0/70] mean_loss : 2.97
[0/70] mean_loss : 1.18
[1/70] mean_loss : 0.90
[1/70] mean_loss : 0.89
[2/70] mean_loss : 0.87
[2/70] mean_loss : 0.86
[3/70] mean_loss : 0.83
[3/70] mean_loss : 0.69
[4/70] mean_loss : 0.52
[4/70] mean_loss : 0.47
[5/70] mean_loss : 0.29
[5/70] mean_loss : 0.28
[6/70] mean_loss : 0.21
[6/70] mean_loss : 0.23
[7/70] mean_loss : 0.19
[7/70] mean_loss : 0.21
[8/70] mean_loss : 0.21
[8/70] mean_loss : 0.20
[9/70] mean_loss : 0.21
[9/70] mean_loss : 0.19
[10/70] mean_loss : 0.17
[10/70] mean_loss : 0.18
[11/70] mean_loss : 0.22
[11/70] mean_loss : 0.18
[12/70] mean_loss : 0.19
[12/70] mean_loss : 0.17
[13/70] mean_loss : 0.15
[13/70] mean_loss : 0.17
[14/70] mean_loss : 0.18
[14/70] mean_loss : 0.16
[15/70] mean_loss : 0.15
[15/70] mean_loss : 0.16
[16/70] mean_loss : 0.18
[16/70] mean_loss : 0.16
[17/70] mean_loss : 0.21
[17/70] mean_loss : 0.16
[18/70] mean_loss : 0.14
[18/70] mean_loss : 0.16
[19/70] mean_loss : 0.13
[19/70] mean_loss : 0.16
[20/70] mean_loss : 0.16
[20/70] mean_loss : 0.16
[21/70] mean_loss : 0.11
[21/70] mean_loss : 0.16
[22/70] mean_loss : 0.13
[22/70] mean_loss : 0.16
[23/70] mean_loss : 0.20
[23/70] mean_loss : 0.15
[24/70] mean_loss : 0.15
[24/70] mean_loss : 0.15
[25/70] mean_loss : 0.15
[25/70] mean_loss : 0.15
[26/70] mean_loss : 0.16
[26/70] mean_loss : 0.15
[27/70] mean_loss : 0.16
[27/70] mean_loss : 0.15
[28/70] mean_loss : 0.14
[28/70] mean_loss : 0.15
[29/70] mean_loss : 0.16
[29/70] mean_loss : 0.15
[30/70] mean_loss : 0.17
[30/70] mean_loss : 0.15
[31/70] mean_loss : 0.17
[31/70] mean_loss : 0.15
[32/70] mean_loss : 0.14
[32/70] mean_loss : 0.14
[33/70] mean_loss : 0.13
[33/70] mean_loss : 0.07
[34/70] mean_loss : 0.01
[34/70] mean_loss : 0.01
Early Stopping!
100.0
Error occurred
[0/70] mean_loss : 3.07
[0/70] mean_loss : 0.95
[1/70] mean_loss : 0.70
[1/70] mean_loss : 0.70
[2/70] mean_loss : 0.70
[2/70] mean_loss : 0.70
[3/70] mean_loss : 0.68
[3/70] mean_loss : 0.64
[4/70] mean_loss : 0.61
[4/70] mean_loss : 0.55
[5/70] mean_loss : 0.54
[5/70] mean_loss : 0.48
[6/70] mean_loss : 0.47
[6/70] mean_loss : 0.44
[7/70] mean_loss : 0.40
[7/70] mean_loss : 0.44
[8/70] mean_loss : 0.45
[8/70] mean_loss : 0.44
[9/70] mean_loss : 0.42
[9/70] mean_loss : 0.44
[10/70] mean_loss : 0.47
[10/70] mean_loss : 0.44
[11/70] mean_loss : 0.43
[11/70] mean_loss : 0.43
[12/70] mean_loss : 0.41
[12/70] mean_loss : 0.43
[13/70] mean_loss : 0.48
[13/70] mean_loss : 0.43
[14/70] mean_loss : 0.39
[14/70] mean_loss : 0.43
[15/70] mean_loss : 0.42
[15/70] mean_loss : 0.43
[16/70] mean_loss : 0.42
[16/70] mean_loss : 0.43
[17/70] mean_loss : 0.38
[17/70] mean_loss : 0.43
[18/70] mean_loss : 0.38
[18/70] mean_loss : 0.42
[19/70] mean_loss : 0.40
[19/70] mean_loss : 0.42
[20/70] mean_loss : 0.40
[20/70] mean_loss : 0.42
[21/70] mean_loss : 0.38
[21/70] mean_loss : 0.41
[22/70] mean_loss : 0.41
[22/70] mean_loss : 0.41
[23/70] mean_loss : 0.37
[23/70] mean_loss : 0.40
[24/70] mean_loss : 0.36
[24/70] mean_loss : 0.40
[25/70] mean_loss : 0.37
[25/70] mean_loss : 0.39
[26/70] mean_loss : 0.42
[26/70] mean_loss : 0.38
[27/70] mean_loss : 0.36
[27/70] mean_loss : 0.38
[28/70] mean_loss : 0.39
[28/70] mean_loss : 0.36
[29/70] mean_loss : 0.35
[29/70] mean_loss : 0.35
[30/70] mean_loss : 0.35
[30/70] mean_loss : 0.34
[31/70] mean_loss : 0.32
[31/70] mean_loss : 0.33
[32/70] mean_loss : 0.32
[32/70] mean_loss : 0.31
[33/70] mean_loss : 0.37
[33/70] mean_loss : 0.30
[34/70] mean_loss : 0.30
[34/70] mean_loss : 0.29
[35/70] mean_loss : 0.31
[35/70] mean_loss : 0.28
[36/70] mean_loss : 0.24
[36/70] mean_loss : 0.27
[37/70] mean_loss : 0.23
[37/70] mean_loss : 0.25
[38/70] mean_loss : 0.21
[38/70] mean_loss : 0.23
[39/70] mean_loss : 0.21
[39/70] mean_loss : 0.22
[40/70] mean_loss : 0.19
[40/70] mean_loss : 0.21
[41/70] mean_loss : 0.16
[41/70] mean_loss : 0.19
[42/70] mean_loss : 0.20
[42/70] mean_loss : 0.18
[43/70] mean_loss : 0.13
[43/70] mean_loss : 0.16
[44/70] mean_loss : 0.18
[44/70] mean_loss : 0.16
[45/70] mean_loss : 0.14
[45/70] mean_loss : 0.14
[46/70] mean_loss : 0.15
[46/70] mean_loss : 0.14
[47/70] mean_loss : 0.07
[47/70] mean_loss : 0.12
[48/70] mean_loss : 0.13
[48/70] mean_loss : 0.12
[49/70] mean_loss : 0.12
[49/70] mean_loss : 0.10
[50/70] mean_loss : 0.09
[50/70] mean_loss : 0.11
[51/70] mean_loss : 0.08
[51/70] mean_loss : 0.10
[52/70] mean_loss : 0.07
[52/70] mean_loss : 0.08
[53/70] mean_loss : 0.04
[53/70] mean_loss : 0.08
[54/70] mean_loss : 0.06
[54/70] mean_loss : 0.08
[55/70] mean_loss : 0.06
[55/70] mean_loss : 0.07
[56/70] mean_loss : 0.04
[56/70] mean_loss : 0.06
[57/70] mean_loss : 0.13
[57/70] mean_loss : 0.06
[58/70] mean_loss : 0.07
[58/70] mean_loss : 0.06
[59/70] mean_loss : 0.08
[59/70] mean_loss : 0.08
[60/70] mean_loss : 0.04
[60/70] mean_loss : 0.05
[61/70] mean_loss : 0.04
[61/70] mean_loss : 0.04
[62/70] mean_loss : 0.02
[62/70] mean_loss : 0.03
[63/70] mean_loss : 0.02
[63/70] mean_loss : 0.04
[64/70] mean_loss : 0.03
[64/70] mean_loss : 0.05
[65/70] mean_loss : 0.04
[65/70] mean_loss : 0.05
[66/70] mean_loss : 0.02
[66/70] mean_loss : 0.04
[67/70] mean_loss : 0.02
[67/70] mean_loss : 0.04
[68/70] mean_loss : 0.02
[68/70] mean_loss : 0.03
[69/70] mean_loss : 0.02
[69/70] mean_loss : 0.02
47.599999999999994
Error occurred
[0/70] mean_loss : 3.31
[0/70] mean_loss : 0.68
[1/70] mean_loss : 0.36
[1/70] mean_loss : 0.35
[2/70] mean_loss : 0.36
[2/70] mean_loss : 0.35
[3/70] mean_loss : 0.37
[3/70] mean_loss : 0.35
[4/70] mean_loss : 0.35
[4/70] mean_loss : 0.35
[5/70] mean_loss : 0.35
[5/70] mean_loss : 0.35
[6/70] mean_loss : 0.34
[6/70] mean_loss : 0.35
[7/70] mean_loss : 0.35
[7/70] mean_loss : 0.35
[8/70] mean_loss : 0.35
[8/70] mean_loss : 0.35
[9/70] mean_loss : 0.33
[9/70] mean_loss : 0.35
[10/70] mean_loss : 0.36
[10/70] mean_loss : 0.35
[11/70] mean_loss : 0.36
[11/70] mean_loss : 0.35
[12/70] mean_loss : 0.35
[12/70] mean_loss : 0.35
[13/70] mean_loss : 0.36
[13/70] mean_loss : 0.35
[14/70] mean_loss : 0.35
[14/70] mean_loss : 0.35
[15/70] mean_loss : 0.35
[15/70] mean_loss : 0.35
[16/70] mean_loss : 0.35
[16/70] mean_loss : 0.35
[17/70] mean_loss : 0.34
[17/70] mean_loss : 0.35
[18/70] mean_loss : 0.35
[18/70] mean_loss : 0.35
[19/70] mean_loss : 0.34
[19/70] mean_loss : 0.35
[20/70] mean_loss : 0.35
[20/70] mean_loss : 0.35
[21/70] mean_loss : 0.35
[21/70] mean_loss : 0.35
[22/70] mean_loss : 0.34
[22/70] mean_loss : 0.35
[23/70] mean_loss : 0.35
[23/70] mean_loss : 0.35
[24/70] mean_loss : 0.33
[24/70] mean_loss : 0.35
[25/70] mean_loss : 0.35
[25/70] mean_loss : 0.35
[26/70] mean_loss : 0.35
[26/70] mean_loss : 0.35
[27/70] mean_loss : 0.35
[27/70] mean_loss : 0.35
[28/70] mean_loss : 0.34
[28/70] mean_loss : 0.35
[29/70] mean_loss : 0.34
[29/70] mean_loss : 0.35
[30/70] mean_loss : 0.35
[30/70] mean_loss : 0.35
[31/70] mean_loss : 0.30
[31/70] mean_loss : 0.31
[32/70] mean_loss : 0.27
[32/70] mean_loss : 0.29
[33/70] mean_loss : 0.28
[33/70] mean_loss : 0.29
[34/70] mean_loss : 0.29
[34/70] mean_loss : 0.29
[35/70] mean_loss : 0.30
[35/70] mean_loss : 0.29
[36/70] mean_loss : 0.30
[36/70] mean_loss : 0.29
[37/70] mean_loss : 0.28
[37/70] mean_loss : 0.29
[38/70] mean_loss : 0.27
[38/70] mean_loss : 0.29
[39/70] mean_loss : 0.27
[39/70] mean_loss : 0.29
[40/70] mean_loss : 0.28
[40/70] mean_loss : 0.29
[41/70] mean_loss : 0.32
[41/70] mean_loss : 0.29
[42/70] mean_loss : 0.31
[42/70] mean_loss : 0.29
[43/70] mean_loss : 0.28
[43/70] mean_loss : 0.29
[44/70] mean_loss : 0.24
[44/70] mean_loss : 0.26
[45/70] mean_loss : 0.29
[45/70] mean_loss : 0.24
[46/70] mean_loss : 0.24
[46/70] mean_loss : 0.23
[47/70] mean_loss : 0.18
[47/70] mean_loss : 0.22
[48/70] mean_loss : 0.24
[48/70] mean_loss : 0.20
[49/70] mean_loss : 0.19
[49/70] mean_loss : 0.19
[50/70] mean_loss : 0.16
[50/70] mean_loss : 0.17
[51/70] mean_loss : 0.14
[51/70] mean_loss : 0.16
[52/70] mean_loss : 0.15
[52/70] mean_loss : 0.15
[53/70] mean_loss : 0.11
[53/70] mean_loss : 0.15
[54/70] mean_loss : 0.14
[54/70] mean_loss : 0.14
[55/70] mean_loss : 0.14
[55/70] mean_loss : 0.14
[56/70] mean_loss : 0.11
[56/70] mean_loss : 0.14
[57/70] mean_loss : 0.14
[57/70] mean_loss : 0.14
[58/70] mean_loss : 0.13
[58/70] mean_loss : 0.14
[59/70] mean_loss : 0.11
[59/70] mean_loss : 0.13
[60/70] mean_loss : 0.11
[60/70] mean_loss : 0.13
[61/70] mean_loss : 0.10
[61/70] mean_loss : 0.13
[62/70] mean_loss : 0.12
[62/70] mean_loss : 0.12
[63/70] mean_loss : 0.12
[63/70] mean_loss : 0.10
[64/70] mean_loss : 0.13
[64/70] mean_loss : 0.08
[65/70] mean_loss : 0.06
[65/70] mean_loss : 0.05
[66/70] mean_loss : 0.03
[66/70] mean_loss : 0.03
[67/70] mean_loss : 0.02
[67/70] mean_loss : 0.02
[68/70] mean_loss : 0.01
[68/70] mean_loss : 0.01
[69/70] mean_loss : 0.01
Early Stopping!
91.5
Error occurred
[0/70] mean_loss : 3.24
[0/70] mean_loss : 0.63
[1/70] mean_loss : 0.33
[1/70] mean_loss : 0.34
[2/70] mean_loss : 0.33
[2/70] mean_loss : 0.33
[3/70] mean_loss : 0.33
[3/70] mean_loss : 0.33
[4/70] mean_loss : 0.34
[4/70] mean_loss : 0.33
[5/70] mean_loss : 0.33
[5/70] mean_loss : 0.33
[6/70] mean_loss : 0.33
[6/70] mean_loss : 0.31
[7/70] mean_loss : 0.29
[7/70] mean_loss : 0.31
[8/70] mean_loss : 0.33
[8/70] mean_loss : 0.31
[9/70] mean_loss : 0.31
[9/70] mean_loss : 0.31
[10/70] mean_loss : 0.32
[10/70] mean_loss : 0.31
[11/70] mean_loss : 0.31
[11/70] mean_loss : 0.31
[12/70] mean_loss : 0.35
[12/70] mean_loss : 0.31
[13/70] mean_loss : 0.29
[13/70] mean_loss : 0.31
[14/70] mean_loss : 0.33
[14/70] mean_loss : 0.31
[15/70] mean_loss : 0.30
[15/70] mean_loss : 0.31
[16/70] mean_loss : 0.30
[16/70] mean_loss : 0.31
[17/70] mean_loss : 0.32
[17/70] mean_loss : 0.31
[18/70] mean_loss : 0.33
[18/70] mean_loss : 0.31
[19/70] mean_loss : 0.28
[19/70] mean_loss : 0.31
[20/70] mean_loss : 0.28
[20/70] mean_loss : 0.31
[21/70] mean_loss : 0.30
[21/70] mean_loss : 0.31
[22/70] mean_loss : 0.29
[22/70] mean_loss : 0.31
[23/70] mean_loss : 0.29
[23/70] mean_loss : 0.30
[24/70] mean_loss : 0.29
[24/70] mean_loss : 0.30
[25/70] mean_loss : 0.30
[25/70] mean_loss : 0.30
[26/70] mean_loss : 0.30
[26/70] mean_loss : 0.30
[27/70] mean_loss : 0.33
[27/70] mean_loss : 0.30
[28/70] mean_loss : 0.29
[28/70] mean_loss : 0.29
[29/70] mean_loss : 0.30
[29/70] mean_loss : 0.26
[30/70] mean_loss : 0.26
[30/70] mean_loss : 0.23
[31/70] mean_loss : 0.23
[31/70] mean_loss : 0.21
[32/70] mean_loss : 0.18
[32/70] mean_loss : 0.19
[33/70] mean_loss : 0.20
[33/70] mean_loss : 0.17
[34/70] mean_loss : 0.15
[34/70] mean_loss : 0.15
[35/70] mean_loss : 0.12
[35/70] mean_loss : 0.14
[36/70] mean_loss : 0.11
[36/70] mean_loss : 0.13
[37/70] mean_loss : 0.13
[37/70] mean_loss : 0.11
[38/70] mean_loss : 0.11
[38/70] mean_loss : 0.10
[39/70] mean_loss : 0.09
[39/70] mean_loss : 0.09
[40/70] mean_loss : 0.07
[40/70] mean_loss : 0.07
[41/70] mean_loss : 0.06
[41/70] mean_loss : 0.07
[42/70] mean_loss : 0.05
[42/70] mean_loss : 0.06
[43/70] mean_loss : 0.03
[43/70] mean_loss : 0.05
[44/70] mean_loss : 0.04
[44/70] mean_loss : 0.04
[45/70] mean_loss : 0.03
[45/70] mean_loss : 0.04
[46/70] mean_loss : 0.02
[46/70] mean_loss : 0.03
[47/70] mean_loss : 0.05
[47/70] mean_loss : 0.03
[48/70] mean_loss : 0.01
[48/70] mean_loss : 0.03
[49/70] mean_loss : 0.03
[49/70] mean_loss : 0.02
[50/70] mean_loss : 0.03
[50/70] mean_loss : 0.03
[51/70] mean_loss : 0.01
[51/70] mean_loss : 0.02
[52/70] mean_loss : 0.08
[52/70] mean_loss : 0.02
[53/70] mean_loss : 0.01
[53/70] mean_loss : 0.02
[54/70] mean_loss : 0.00
Early Stopping!
74.0
Error occurred
[0/70] mean_loss : 3.43
[0/70] mean_loss : 1.22
[1/70] mean_loss : 0.91
[1/70] mean_loss : 0.91
[2/70] mean_loss : 0.90
[2/70] mean_loss : 0.90
[3/70] mean_loss : 0.90
[3/70] mean_loss : 0.90
[4/70] mean_loss : 0.91
[4/70] mean_loss : 0.88
[5/70] mean_loss : 0.53
[5/70] mean_loss : 0.46
[6/70] mean_loss : 0.37
[6/70] mean_loss : 0.32
[7/70] mean_loss : 0.25
[7/70] mean_loss : 0.31
[8/70] mean_loss : 0.31
[8/70] mean_loss : 0.30
[9/70] mean_loss : 0.25
[9/70] mean_loss : 0.29
[10/70] mean_loss : 0.28
[10/70] mean_loss : 0.28
[11/70] mean_loss : 0.28
[11/70] mean_loss : 0.28
[12/70] mean_loss : 0.26
[12/70] mean_loss : 0.28
[13/70] mean_loss : 0.24
[13/70] mean_loss : 0.27
[14/70] mean_loss : 0.31
[14/70] mean_loss : 0.27
[15/70] mean_loss : 0.22
[15/70] mean_loss : 0.27
[16/70] mean_loss : 0.22
[16/70] mean_loss : 0.26
[17/70] mean_loss : 0.28
[17/70] mean_loss : 0.26
[18/70] mean_loss : 0.24
[18/70] mean_loss : 0.25
[19/70] mean_loss : 0.30
[19/70] mean_loss : 0.25
[20/70] mean_loss : 0.23
[20/70] mean_loss : 0.25
[21/70] mean_loss : 0.23
[21/70] mean_loss : 0.24
[22/70] mean_loss : 0.22
[22/70] mean_loss : 0.24
[23/70] mean_loss : 0.23
[23/70] mean_loss : 0.23
[24/70] mean_loss : 0.25
[24/70] mean_loss : 0.23
[25/70] mean_loss : 0.21
[25/70] mean_loss : 0.22
[26/70] mean_loss : 0.23
[26/70] mean_loss : 0.22
[27/70] mean_loss : 0.20
[27/70] mean_loss : 0.21
[28/70] mean_loss : 0.15
[28/70] mean_loss : 0.20
[29/70] mean_loss : 0.18
[29/70] mean_loss : 0.19
[30/70] mean_loss : 0.14
[30/70] mean_loss : 0.19
[31/70] mean_loss : 0.18
[31/70] mean_loss : 0.18
[32/70] mean_loss : 0.17
[32/70] mean_loss : 0.17
[33/70] mean_loss : 0.14
[33/70] mean_loss : 0.16
[34/70] mean_loss : 0.13
[34/70] mean_loss : 0.16
[35/70] mean_loss : 0.12
[35/70] mean_loss : 0.15
[36/70] mean_loss : 0.12
[36/70] mean_loss : 0.14
[37/70] mean_loss : 0.10
[37/70] mean_loss : 0.13
[38/70] mean_loss : 0.11
[38/70] mean_loss : 0.12
[39/70] mean_loss : 0.12
[39/70] mean_loss : 0.12
[40/70] mean_loss : 0.09
[40/70] mean_loss : 0.10
[41/70] mean_loss : 0.12
[41/70] mean_loss : 0.10
[42/70] mean_loss : 0.09
[42/70] mean_loss : 0.09
[43/70] mean_loss : 0.09
[43/70] mean_loss : 0.09
[44/70] mean_loss : 0.06
[44/70] mean_loss : 0.08
[45/70] mean_loss : 0.07
[45/70] mean_loss : 0.07
[46/70] mean_loss : 0.09
[46/70] mean_loss : 0.06
[47/70] mean_loss : 0.05
[47/70] mean_loss : 0.06
[48/70] mean_loss : 0.06
[48/70] mean_loss : 0.06
[49/70] mean_loss : 0.09
[49/70] mean_loss : 0.05
[50/70] mean_loss : 0.05
[50/70] mean_loss : 0.05
[51/70] mean_loss : 0.03
[51/70] mean_loss : 0.05
[52/70] mean_loss : 0.05
[52/70] mean_loss : 0.04
[53/70] mean_loss : 0.05
[53/70] mean_loss : 0.04
[54/70] mean_loss : 0.02
[54/70] mean_loss : 0.03
[55/70] mean_loss : 0.02
[55/70] mean_loss : 0.03
[56/70] mean_loss : 0.02
[56/70] mean_loss : 0.03
[57/70] mean_loss : 0.02
[57/70] mean_loss : 0.03
[58/70] mean_loss : 0.01
Early Stopping!
67.60000000000001
Error occurred
[0/70] mean_loss : 3.72
[0/70] mean_loss : 0.74
[1/70] mean_loss : 0.35
[1/70] mean_loss : 0.35
[2/70] mean_loss : 0.35
[2/70] mean_loss : 0.35
[3/70] mean_loss : 0.35
[3/70] mean_loss : 0.35
[4/70] mean_loss : 0.35
[4/70] mean_loss : 0.35
[5/70] mean_loss : 0.35
[5/70] mean_loss : 0.35
[6/70] mean_loss : 0.35
[6/70] mean_loss : 0.35
[7/70] mean_loss : 0.34
[7/70] mean_loss : 0.35
[8/70] mean_loss : 0.35
[8/70] mean_loss : 0.35
[9/70] mean_loss : 0.35
[9/70] mean_loss : 0.35
[10/70] mean_loss : 0.34
[10/70] mean_loss : 0.35
[11/70] mean_loss : 0.35
[11/70] mean_loss : 0.35
[12/70] mean_loss : 0.35
[12/70] mean_loss : 0.35
[13/70] mean_loss : 0.36
[13/70] mean_loss : 0.35
[14/70] mean_loss : 0.35
[14/70] mean_loss : 0.35
[15/70] mean_loss : 0.34
[15/70] mean_loss : 0.35
[16/70] mean_loss : 0.35
[16/70] mean_loss : 0.35
[17/70] mean_loss : 0.36
[17/70] mean_loss : 0.35
[18/70] mean_loss : 0.35
[18/70] mean_loss : 0.35
[19/70] mean_loss : 0.35
[19/70] mean_loss : 0.35
[20/70] mean_loss : 0.35
[20/70] mean_loss : 0.35
[21/70] mean_loss : 0.35
[21/70] mean_loss : 0.35
[22/70] mean_loss : 0.35
[22/70] mean_loss : 0.35
[23/70] mean_loss : 0.34
[23/70] mean_loss : 0.35
[24/70] mean_loss : 0.35
[24/70] mean_loss : 0.35
[25/70] mean_loss : 0.35
[25/70] mean_loss : 0.35
[26/70] mean_loss : 0.35
[26/70] mean_loss : 0.35
[27/70] mean_loss : 0.35
[27/70] mean_loss : 0.35
[28/70] mean_loss : 0.35
[28/70] mean_loss : 0.35
[29/70] mean_loss : 0.36
[29/70] mean_loss : 0.35
[30/70] mean_loss : 0.34
[30/70] mean_loss : 0.35
[31/70] mean_loss : 0.35
[31/70] mean_loss : 0.35
[32/70] mean_loss : 0.35
[32/70] mean_loss : 0.35
[33/70] mean_loss : 0.34
[33/70] mean_loss : 0.35
[34/70] mean_loss : 0.35
[34/70] mean_loss : 0.35
[35/70] mean_loss : 0.35
[35/70] mean_loss : 0.35
[36/70] mean_loss : 0.35
[36/70] mean_loss : 0.35
[37/70] mean_loss : 0.35
[37/70] mean_loss : 0.35
[38/70] mean_loss : 0.35
[38/70] mean_loss : 0.35
[39/70] mean_loss : 0.35
[39/70] mean_loss : 0.35
[40/70] mean_loss : 0.35
[40/70] mean_loss : 0.35
[41/70] mean_loss : 0.35
[41/70] mean_loss : 0.35
[42/70] mean_loss : 0.36
[42/70] mean_loss : 0.35
[43/70] mean_loss : 0.35
[43/70] mean_loss : 0.35
[44/70] mean_loss : 0.35
[44/70] mean_loss : 0.35
[45/70] mean_loss : 0.35
[45/70] mean_loss : 0.35
[46/70] mean_loss : 0.34
[46/70] mean_loss : 0.35
[47/70] mean_loss : 0.36
[47/70] mean_loss : 0.35
[48/70] mean_loss : 0.35
[48/70] mean_loss : 0.35
[49/70] mean_loss : 0.35
[49/70] mean_loss : 0.35
[50/70] mean_loss : 0.35
[50/70] mean_loss : 0.35
[51/70] mean_loss : 0.35
[51/70] mean_loss : 0.35
[52/70] mean_loss : 0.36
[52/70] mean_loss : 0.35
[53/70] mean_loss : 0.35
[53/70] mean_loss : 0.35
[54/70] mean_loss : 0.35
[54/70] mean_loss : 0.35
[55/70] mean_loss : 0.35
[55/70] mean_loss : 0.35
[56/70] mean_loss : 0.35
[56/70] mean_loss : 0.35
[57/70] mean_loss : 0.34
[57/70] mean_loss : 0.35
[58/70] mean_loss : 0.34
[58/70] mean_loss : 0.35
[59/70] mean_loss : 0.35
[59/70] mean_loss : 0.35
[60/70] mean_loss : 0.34
[60/70] mean_loss : 0.35
[61/70] mean_loss : 0.36
[61/70] mean_loss : 0.35
[62/70] mean_loss : 0.34
[62/70] mean_loss : 0.35
[63/70] mean_loss : 0.35
[63/70] mean_loss : 0.35
[64/70] mean_loss : 0.35
[64/70] mean_loss : 0.35
[65/70] mean_loss : 0.34
[65/70] mean_loss : 0.35
[66/70] mean_loss : 0.34
[66/70] mean_loss : 0.35
[67/70] mean_loss : 0.35
[67/70] mean_loss : 0.35
[68/70] mean_loss : 0.36
[68/70] mean_loss : 0.35
[69/70] mean_loss : 0.35
[69/70] mean_loss : 0.35
50.3
Error occurred
[0/70] mean_loss : 3.82
[0/70] mean_loss : 0.79
[1/70] mean_loss : 0.51
[1/70] mean_loss : 0.43
[2/70] mean_loss : 0.44
[2/70] mean_loss : 0.43
[3/70] mean_loss : 0.45
[3/70] mean_loss : 0.43
[4/70] mean_loss : 0.42
[4/70] mean_loss : 0.43
[5/70] mean_loss : 0.42
[5/70] mean_loss : 0.42
[6/70] mean_loss : 0.37
[6/70] mean_loss : 0.42
[7/70] mean_loss : 0.23
[7/70] mean_loss : 0.28
[8/70] mean_loss : 0.29
[8/70] mean_loss : 0.23
[9/70] mean_loss : 0.23
[9/70] mean_loss : 0.20
[10/70] mean_loss : 0.22
[10/70] mean_loss : 0.19
[11/70] mean_loss : 0.18
[11/70] mean_loss : 0.19
[12/70] mean_loss : 0.11
[12/70] mean_loss : 0.19
[13/70] mean_loss : 0.12
[13/70] mean_loss : 0.19
[14/70] mean_loss : 0.18
[14/70] mean_loss : 0.18
[15/70] mean_loss : 0.18
[15/70] mean_loss : 0.18
[16/70] mean_loss : 0.18
[16/70] mean_loss : 0.18
[17/70] mean_loss : 0.20
[17/70] mean_loss : 0.18
[18/70] mean_loss : 0.24
[18/70] mean_loss : 0.18
[19/70] mean_loss : 0.15
[19/70] mean_loss : 0.18
[20/70] mean_loss : 0.18
[20/70] mean_loss : 0.17
[21/70] mean_loss : 0.22
[21/70] mean_loss : 0.17
[22/70] mean_loss : 0.20
[22/70] mean_loss : 0.17
[23/70] mean_loss : 0.15
[23/70] mean_loss : 0.17
[24/70] mean_loss : 0.18
[24/70] mean_loss : 0.17
[25/70] mean_loss : 0.15
[25/70] mean_loss : 0.17
[26/70] mean_loss : 0.15
[26/70] mean_loss : 0.17
[27/70] mean_loss : 0.12
[27/70] mean_loss : 0.17
[28/70] mean_loss : 0.13
[28/70] mean_loss : 0.16
[29/70] mean_loss : 0.13
[29/70] mean_loss : 0.15
[30/70] mean_loss : 0.14
[30/70] mean_loss : 0.15
[31/70] mean_loss : 0.18
[31/70] mean_loss : 0.15
[32/70] mean_loss : 0.15
[32/70] mean_loss : 0.15
[33/70] mean_loss : 0.15
[33/70] mean_loss : 0.14
[34/70] mean_loss : 0.15
[34/70] mean_loss : 0.13
[35/70] mean_loss : 0.14
[35/70] mean_loss : 0.13
[36/70] mean_loss : 0.12
[36/70] mean_loss : 0.12
[37/70] mean_loss : 0.13
[37/70] mean_loss : 0.11
[38/70] mean_loss : 0.11
[38/70] mean_loss : 0.10
[39/70] mean_loss : 0.08
[39/70] mean_loss : 0.09
[40/70] mean_loss : 0.08
[40/70] mean_loss : 0.08
[41/70] mean_loss : 0.06
[41/70] mean_loss : 0.08
[42/70] mean_loss : 0.03
[42/70] mean_loss : 0.07
[43/70] mean_loss : 0.06
[43/70] mean_loss : 0.06
[44/70] mean_loss : 0.03
[44/70] mean_loss : 0.05
[45/70] mean_loss : 0.04
[45/70] mean_loss : 0.05
[46/70] mean_loss : 0.08
[46/70] mean_loss : 0.04
[47/70] mean_loss : 0.06
[47/70] mean_loss : 0.03
[48/70] mean_loss : 0.06
[48/70] mean_loss : 0.02
[49/70] mean_loss : 0.02
[49/70] mean_loss : 0.02
[50/70] mean_loss : 0.03
[50/70] mean_loss : 0.02
[51/70] mean_loss : 0.04
[51/70] mean_loss : 0.02
[52/70] mean_loss : 0.02
[52/70] mean_loss : 0.02
[53/70] mean_loss : 0.03
[53/70] mean_loss : 0.02
[54/70] mean_loss : 0.02
[54/70] mean_loss : 0.01
[55/70] mean_loss : 0.03
[55/70] mean_loss : 0.01
[56/70] mean_loss : 0.00
Early Stopping!
91.4
Error occurred
[0/70] mean_loss : 3.15
[0/70] mean_loss : 1.19
[1/70] mean_loss : 0.90
[1/70] mean_loss : 0.90
[2/70] mean_loss : 0.89
[2/70] mean_loss : 0.90
[3/70] mean_loss : 0.90
[3/70] mean_loss : 0.83
[4/70] mean_loss : 0.60
[4/70] mean_loss : 0.48
[5/70] mean_loss : 0.39
[5/70] mean_loss : 0.36
[6/70] mean_loss : 0.30
[6/70] mean_loss : 0.34
[7/70] mean_loss : 0.35
[7/70] mean_loss : 0.34
[8/70] mean_loss : 0.25
[8/70] mean_loss : 0.33
[9/70] mean_loss : 0.36
[9/70] mean_loss : 0.32
[10/70] mean_loss : 0.32
[10/70] mean_loss : 0.32
[11/70] mean_loss : 0.31
[11/70] mean_loss : 0.32
[12/70] mean_loss : 0.32
[12/70] mean_loss : 0.31
[13/70] mean_loss : 0.27
[13/70] mean_loss : 0.31
[14/70] mean_loss : 0.28
[14/70] mean_loss : 0.30
[15/70] mean_loss : 0.40
[15/70] mean_loss : 0.30
[16/70] mean_loss : 0.29
[16/70] mean_loss : 0.30
[17/70] mean_loss : 0.27
[17/70] mean_loss : 0.29
[18/70] mean_loss : 0.25
[18/70] mean_loss : 0.27
[19/70] mean_loss : 0.25
[19/70] mean_loss : 0.28
[20/70] mean_loss : 0.28
[20/70] mean_loss : 0.26
[21/70] mean_loss : 0.19
[21/70] mean_loss : 0.25
[22/70] mean_loss : 0.26
[22/70] mean_loss : 0.24
[23/70] mean_loss : 0.19
[23/70] mean_loss : 0.23
[24/70] mean_loss : 0.26
[24/70] mean_loss : 0.22
[25/70] mean_loss : 0.21
[25/70] mean_loss : 0.20
[26/70] mean_loss : 0.14
[26/70] mean_loss : 0.19
[27/70] mean_loss : 0.13
[27/70] mean_loss : 0.16
[28/70] mean_loss : 0.17
[28/70] mean_loss : 0.15
[29/70] mean_loss : 0.14
[29/70] mean_loss : 0.13
[30/70] mean_loss : 0.12
[30/70] mean_loss : 0.12
[31/70] mean_loss : 0.14
[31/70] mean_loss : 0.11
[32/70] mean_loss : 0.10
[32/70] mean_loss : 0.10
[33/70] mean_loss : 0.10
[33/70] mean_loss : 0.08
[34/70] mean_loss : 0.03
[34/70] mean_loss : 0.08
[35/70] mean_loss : 0.09
[35/70] mean_loss : 0.06
[36/70] mean_loss : 0.04
[36/70] mean_loss : 0.06
[37/70] mean_loss : 0.04
[37/70] mean_loss : 0.05
[38/70] mean_loss : 0.04
[38/70] mean_loss : 0.05
[39/70] mean_loss : 0.04
[39/70] mean_loss : 0.04
[40/70] mean_loss : 0.03
[40/70] mean_loss : 0.04
[41/70] mean_loss : 0.05
[41/70] mean_loss : 0.03
[42/70] mean_loss : 0.09
[42/70] mean_loss : 0.03
[43/70] mean_loss : 0.01
[43/70] mean_loss : 0.04
[44/70] mean_loss : 0.02
[44/70] mean_loss : 0.02
[45/70] mean_loss : 0.01
[45/70] mean_loss : 0.02
[46/70] mean_loss : 0.03
[46/70] mean_loss : 0.01
[47/70] mean_loss : 0.02
[47/70] mean_loss : 0.02
[48/70] mean_loss : 0.01
Early Stopping!
73.2
Error occurred
[0/70] mean_loss : 3.57
[0/70] mean_loss : 1.20
[1/70] mean_loss : 0.92
[1/70] mean_loss : 0.90
[2/70] mean_loss : 0.89
[2/70] mean_loss : 0.90
[3/70] mean_loss : 0.91
[3/70] mean_loss : 0.90
[4/70] mean_loss : 0.89
[4/70] mean_loss : 0.90
[5/70] mean_loss : 0.89
[5/70] mean_loss : 0.90
[6/70] mean_loss : 0.89
[6/70] mean_loss : 0.90
[7/70] mean_loss : 0.90
[7/70] mean_loss : 0.90
[8/70] mean_loss : 0.90
[8/70] mean_loss : 0.90
[9/70] mean_loss : 0.90
[9/70] mean_loss : 0.89
[10/70] mean_loss : 0.87
[10/70] mean_loss : 0.86
[11/70] mean_loss : 0.86
[11/70] mean_loss : 0.84
[12/70] mean_loss : 0.83
[12/70] mean_loss : 0.79
[13/70] mean_loss : 0.77
[13/70] mean_loss : 0.74
[14/70] mean_loss : 0.72
[14/70] mean_loss : 0.69
[15/70] mean_loss : 0.62
[15/70] mean_loss : 0.64
[16/70] mean_loss : 0.66
[16/70] mean_loss : 0.61
[17/70] mean_loss : 0.59
[17/70] mean_loss : 0.59
[18/70] mean_loss : 0.47
[18/70] mean_loss : 0.57
[19/70] mean_loss : 0.44
[19/70] mean_loss : 0.55
[20/70] mean_loss : 0.55
[20/70] mean_loss : 0.52
[21/70] mean_loss : 0.55
[21/70] mean_loss : 0.50
[22/70] mean_loss : 0.39
[22/70] mean_loss : 0.48
[23/70] mean_loss : 0.40
[23/70] mean_loss : 0.45
[24/70] mean_loss : 0.41
[24/70] mean_loss : 0.42
[25/70] mean_loss : 0.40
[25/70] mean_loss : 0.40
[26/70] mean_loss : 0.39
[26/70] mean_loss : 0.38
[27/70] mean_loss : 0.44
[27/70] mean_loss : 0.35
[28/70] mean_loss : 0.33
[28/70] mean_loss : 0.33
[29/70] mean_loss : 0.28
[29/70] mean_loss : 0.31
[30/70] mean_loss : 0.27
[30/70] mean_loss : 0.28
[31/70] mean_loss : 0.26
[31/70] mean_loss : 0.27
[32/70] mean_loss : 0.26
[32/70] mean_loss : 0.26
[33/70] mean_loss : 0.22
[33/70] mean_loss : 0.24
[34/70] mean_loss : 0.19
[34/70] mean_loss : 0.22
[35/70] mean_loss : 0.17
[35/70] mean_loss : 0.21
[36/70] mean_loss : 0.20
[36/70] mean_loss : 0.19
[37/70] mean_loss : 0.10
[37/70] mean_loss : 0.18
[38/70] mean_loss : 0.19
[38/70] mean_loss : 0.17
[39/70] mean_loss : 0.19
[39/70] mean_loss : 0.16
[40/70] mean_loss : 0.16
[40/70] mean_loss : 0.15
[41/70] mean_loss : 0.09
[41/70] mean_loss : 0.14
[42/70] mean_loss : 0.08
[42/70] mean_loss : 0.14
[43/70] mean_loss : 0.15
[43/70] mean_loss : 0.12
[44/70] mean_loss : 0.11
[44/70] mean_loss : 0.12
[45/70] mean_loss : 0.08
[45/70] mean_loss : 0.11
[46/70] mean_loss : 0.08
[46/70] mean_loss : 0.10
[47/70] mean_loss : 0.15
[47/70] mean_loss : 0.10
[48/70] mean_loss : 0.11
[48/70] mean_loss : 0.09
[49/70] mean_loss : 0.04
[49/70] mean_loss : 0.09
[50/70] mean_loss : 0.05
[50/70] mean_loss : 0.08
[51/70] mean_loss : 0.07
[51/70] mean_loss : 0.07
[52/70] mean_loss : 0.06
[52/70] mean_loss : 0.08
[53/70] mean_loss : 0.04
[53/70] mean_loss : 0.07
[54/70] mean_loss : 0.02
[54/70] mean_loss : 0.07
[55/70] mean_loss : 0.03
[55/70] mean_loss : 0.06
[56/70] mean_loss : 0.07
[56/70] mean_loss : 0.06
[57/70] mean_loss : 0.06
[57/70] mean_loss : 0.05
[58/70] mean_loss : 0.04
[58/70] mean_loss : 0.09
[59/70] mean_loss : 0.09
[59/70] mean_loss : 0.07
[60/70] mean_loss : 0.10
[60/70] mean_loss : 0.05
[61/70] mean_loss : 0.02
[61/70] mean_loss : 0.04
[62/70] mean_loss : 0.01
Early Stopping!
39.300000000000004
Error occurred
[0/70] mean_loss : 3.91
[0/70] mean_loss : 1.23
[1/70] mean_loss : 0.81
[1/70] mean_loss : 0.83
[2/70] mean_loss : 0.91
[2/70] mean_loss : 0.82
[3/70] mean_loss : 0.80
[3/70] mean_loss : 0.73
[4/70] mean_loss : 0.60
[4/70] mean_loss : 0.57
[5/70] mean_loss : 0.38
[5/70] mean_loss : 0.39
[6/70] mean_loss : 0.29
[6/70] mean_loss : 0.33
[7/70] mean_loss : 0.27
[7/70] mean_loss : 0.30
[8/70] mean_loss : 0.27
[8/70] mean_loss : 0.28
[9/70] mean_loss : 0.13
[9/70] mean_loss : 0.25
[10/70] mean_loss : 0.34
[10/70] mean_loss : 0.24
[11/70] mean_loss : 0.21
[11/70] mean_loss : 0.24
[12/70] mean_loss : 0.25
[12/70] mean_loss : 0.24
[13/70] mean_loss : 0.19
[13/70] mean_loss : 0.24
[14/70] mean_loss : 0.29
[14/70] mean_loss : 0.23
[15/70] mean_loss : 0.14
[15/70] mean_loss : 0.23
[16/70] mean_loss : 0.21
[16/70] mean_loss : 0.22
[17/70] mean_loss : 0.18
[17/70] mean_loss : 0.21
[18/70] mean_loss : 0.22
[18/70] mean_loss : 0.21
[19/70] mean_loss : 0.24
[19/70] mean_loss : 0.21
[20/70] mean_loss : 0.22
[20/70] mean_loss : 0.21
[21/70] mean_loss : 0.16
[21/70] mean_loss : 0.20
[22/70] mean_loss : 0.23
[22/70] mean_loss : 0.20
[23/70] mean_loss : 0.13
[23/70] mean_loss : 0.20
[24/70] mean_loss : 0.17
[24/70] mean_loss : 0.19
[25/70] mean_loss : 0.16
[25/70] mean_loss : 0.19
[26/70] mean_loss : 0.18
[26/70] mean_loss : 0.19
[27/70] mean_loss : 0.17
[27/70] mean_loss : 0.17
[28/70] mean_loss : 0.18
[28/70] mean_loss : 0.18
[29/70] mean_loss : 0.17
[29/70] mean_loss : 0.17
[30/70] mean_loss : 0.16
[30/70] mean_loss : 0.16
[31/70] mean_loss : 0.13
[31/70] mean_loss : 0.16
[32/70] mean_loss : 0.13
[32/70] mean_loss : 0.14
[33/70] mean_loss : 0.11
[33/70] mean_loss : 0.13
[34/70] mean_loss : 0.13
[34/70] mean_loss : 0.12
[35/70] mean_loss : 0.11
[35/70] mean_loss : 0.11
[36/70] mean_loss : 0.11
[36/70] mean_loss : 0.10
[37/70] mean_loss : 0.07
[37/70] mean_loss : 0.10
[38/70] mean_loss : 0.09
[38/70] mean_loss : 0.10
[39/70] mean_loss : 0.05
[39/70] mean_loss : 0.09
[40/70] mean_loss : 0.08
[40/70] mean_loss : 0.07
[41/70] mean_loss : 0.06
[41/70] mean_loss : 0.07
[42/70] mean_loss : 0.04
[42/70] mean_loss : 0.07
[43/70] mean_loss : 0.05
[43/70] mean_loss : 0.06
[44/70] mean_loss : 0.04
[44/70] mean_loss : 0.06
[45/70] mean_loss : 0.06
[45/70] mean_loss : 0.05
[46/70] mean_loss : 0.02
[46/70] mean_loss : 0.05
[47/70] mean_loss : 0.04
[47/70] mean_loss : 0.04
[48/70] mean_loss : 0.04
[48/70] mean_loss : 0.04
[49/70] mean_loss : 0.03
[49/70] mean_loss : 0.04
[50/70] mean_loss : 0.06
[50/70] mean_loss : 0.04
[51/70] mean_loss : 0.04
[51/70] mean_loss : 0.04
[52/70] mean_loss : 0.04
[52/70] mean_loss : 0.03
[53/70] mean_loss : 0.02
[53/70] mean_loss : 0.03
[54/70] mean_loss : 0.05
[54/70] mean_loss : 0.02
[55/70] mean_loss : 0.01
[55/70] mean_loss : 0.03
[56/70] mean_loss : 0.02
[56/70] mean_loss : 0.04
[57/70] mean_loss : 0.05
[57/70] mean_loss : 0.02
[58/70] mean_loss : 0.02
[58/70] mean_loss : 0.01
[59/70] mean_loss : 0.01
[59/70] mean_loss : 0.01
[60/70] mean_loss : 0.00
Early Stopping!
80.4
Error occurred
[0/70] mean_loss : 3.46
[0/70] mean_loss : 0.82
[1/70] mean_loss : 0.52
[1/70] mean_loss : 0.51
[2/70] mean_loss : 0.47
[2/70] mean_loss : 0.51
[3/70] mean_loss : 0.52
[3/70] mean_loss : 0.50
[4/70] mean_loss : 0.49
[4/70] mean_loss : 0.50
[5/70] mean_loss : 0.50
[5/70] mean_loss : 0.50
[6/70] mean_loss : 0.49
[6/70] mean_loss : 0.50
[7/70] mean_loss : 0.56
[7/70] mean_loss : 0.50
[8/70] mean_loss : 0.46
[8/70] mean_loss : 0.50
[9/70] mean_loss : 0.50
[9/70] mean_loss : 0.48
[10/70] mean_loss : 0.46
[10/70] mean_loss : 0.46
[11/70] mean_loss : 0.42
[11/70] mean_loss : 0.45
[12/70] mean_loss : 0.47
[12/70] mean_loss : 0.45
[13/70] mean_loss : 0.44
[13/70] mean_loss : 0.45
[14/70] mean_loss : 0.46
[14/70] mean_loss : 0.45
[15/70] mean_loss : 0.42
[15/70] mean_loss : 0.45
[16/70] mean_loss : 0.50
[16/70] mean_loss : 0.45
[17/70] mean_loss : 0.44
[17/70] mean_loss : 0.45
[18/70] mean_loss : 0.45
[18/70] mean_loss : 0.45
[19/70] mean_loss : 0.44
[19/70] mean_loss : 0.45
[20/70] mean_loss : 0.40
[20/70] mean_loss : 0.44
[21/70] mean_loss : 0.42
[21/70] mean_loss : 0.45
[22/70] mean_loss : 0.42
[22/70] mean_loss : 0.44
[23/70] mean_loss : 0.47
[23/70] mean_loss : 0.44
[24/70] mean_loss : 0.47
[24/70] mean_loss : 0.44
[25/70] mean_loss : 0.45
[25/70] mean_loss : 0.45
[26/70] mean_loss : 0.49
[26/70] mean_loss : 0.44
[27/70] mean_loss : 0.46
[27/70] mean_loss : 0.44
[28/70] mean_loss : 0.39
[28/70] mean_loss : 0.41
[29/70] mean_loss : 0.38
[29/70] mean_loss : 0.40
[30/70] mean_loss : 0.39
[30/70] mean_loss : 0.37
[31/70] mean_loss : 0.31
[31/70] mean_loss : 0.36
[32/70] mean_loss : 0.34
[32/70] mean_loss : 0.34
[33/70] mean_loss : 0.33
[33/70] mean_loss : 0.33
[34/70] mean_loss : 0.36
[34/70] mean_loss : 0.31
[35/70] mean_loss : 0.22
[35/70] mean_loss : 0.30
[36/70] mean_loss : 0.33
[36/70] mean_loss : 0.28
[37/70] mean_loss : 0.20
[37/70] mean_loss : 0.27
[38/70] mean_loss : 0.28
[38/70] mean_loss : 0.26
[39/70] mean_loss : 0.22
[39/70] mean_loss : 0.24
[40/70] mean_loss : 0.26
[40/70] mean_loss : 0.22
[41/70] mean_loss : 0.22
[41/70] mean_loss : 0.21
[42/70] mean_loss : 0.21
[42/70] mean_loss : 0.19
[43/70] mean_loss : 0.17
[43/70] mean_loss : 0.17
[44/70] mean_loss : 0.09
[44/70] mean_loss : 0.15
[45/70] mean_loss : 0.12
[45/70] mean_loss : 0.14
[46/70] mean_loss : 0.17
[46/70] mean_loss : 0.12
[47/70] mean_loss : 0.12
[47/70] mean_loss : 0.11
[48/70] mean_loss : 0.06
[48/70] mean_loss : 0.09
[49/70] mean_loss : 0.05
[49/70] mean_loss : 0.08
[50/70] mean_loss : 0.08
[50/70] mean_loss : 0.07
[51/70] mean_loss : 0.12
[51/70] mean_loss : 0.06
[52/70] mean_loss : 0.05
[52/70] mean_loss : 0.06
[53/70] mean_loss : 0.04
[53/70] mean_loss : 0.05
[54/70] mean_loss : 0.02
[54/70] mean_loss : 0.04
[55/70] mean_loss : 0.02
[55/70] mean_loss : 0.04
[56/70] mean_loss : 0.03
[56/70] mean_loss : 0.03
[57/70] mean_loss : 0.02
[57/70] mean_loss : 0.03
[58/70] mean_loss : 0.04
[58/70] mean_loss : 0.03
[59/70] mean_loss : 0.03
[59/70] mean_loss : 0.03
[60/70] mean_loss : 0.01
[60/70] mean_loss : 0.02
[61/70] mean_loss : 0.01
[61/70] mean_loss : 0.02
[62/70] mean_loss : 0.03
[62/70] mean_loss : 0.03
[63/70] mean_loss : 0.02
[63/70] mean_loss : 0.02
[64/70] mean_loss : 0.02
[64/70] mean_loss : 0.02
[65/70] mean_loss : 0.02
[65/70] mean_loss : 0.01
[66/70] mean_loss : 0.02
[66/70] mean_loss : 0.01
Early Stopping!
67.7
Error occurred
[0/70] mean_loss : 3.21
[0/70] mean_loss : 1.19
[1/70] mean_loss : 0.92
[1/70] mean_loss : 0.90
[2/70] mean_loss : 0.91
[2/70] mean_loss : 0.90
[3/70] mean_loss : 0.72
[3/70] mean_loss : 0.73
[4/70] mean_loss : 0.56
[4/70] mean_loss : 0.55
[5/70] mean_loss : 0.49
[5/70] mean_loss : 0.52
[6/70] mean_loss : 0.58
[6/70] mean_loss : 0.51
[7/70] mean_loss : 0.49
[7/70] mean_loss : 0.50
[8/70] mean_loss : 0.46
[8/70] mean_loss : 0.49
[9/70] mean_loss : 0.49
[9/70] mean_loss : 0.49
[10/70] mean_loss : 0.49
[10/70] mean_loss : 0.49
[11/70] mean_loss : 0.52
[11/70] mean_loss : 0.48
[12/70] mean_loss : 0.48
[12/70] mean_loss : 0.47
[13/70] mean_loss : 0.55
[13/70] mean_loss : 0.46
[14/70] mean_loss : 0.48
[14/70] mean_loss : 0.46
[15/70] mean_loss : 0.41
[15/70] mean_loss : 0.45
[16/70] mean_loss : 0.42
[16/70] mean_loss : 0.44
[17/70] mean_loss : 0.45
[17/70] mean_loss : 0.43
[18/70] mean_loss : 0.42
[18/70] mean_loss : 0.42
[19/70] mean_loss : 0.47
[19/70] mean_loss : 0.41
[20/70] mean_loss : 0.45
[20/70] mean_loss : 0.39
[21/70] mean_loss : 0.35
[21/70] mean_loss : 0.36
[22/70] mean_loss : 0.24
[22/70] mean_loss : 0.31
[23/70] mean_loss : 0.29
[23/70] mean_loss : 0.27
[24/70] mean_loss : 0.23
[24/70] mean_loss : 0.24
[25/70] mean_loss : 0.21
[25/70] mean_loss : 0.21
[26/70] mean_loss : 0.15
[26/70] mean_loss : 0.18
[27/70] mean_loss : 0.19
[27/70] mean_loss : 0.16
[28/70] mean_loss : 0.14
[28/70] mean_loss : 0.15
[29/70] mean_loss : 0.08
[29/70] mean_loss : 0.12
[30/70] mean_loss : 0.12
[30/70] mean_loss : 0.10
[31/70] mean_loss : 0.07
[31/70] mean_loss : 0.09
[32/70] mean_loss : 0.06
[32/70] mean_loss : 0.07
[33/70] mean_loss : 0.06
[33/70] mean_loss : 0.06
[34/70] mean_loss : 0.05
[34/70] mean_loss : 0.04
[35/70] mean_loss : 0.03
[35/70] mean_loss : 0.04
[36/70] mean_loss : 0.03
[36/70] mean_loss : 0.03
[37/70] mean_loss : 0.01
[37/70] mean_loss : 0.02
[38/70] mean_loss : 0.01
[38/70] mean_loss : 0.01
[39/70] mean_loss : 0.01
Early Stopping!
68.60000000000001
Error occurred
[0/70] mean_loss : 3.47
[0/70] mean_loss : 1.24
[1/70] mean_loss : 0.90
[1/70] mean_loss : 0.90
[2/70] mean_loss : 0.92
[2/70] mean_loss : 0.73
[3/70] mean_loss : 0.33
[3/70] mean_loss : 0.19
[4/70] mean_loss : 0.13
[4/70] mean_loss : 0.17
[5/70] mean_loss : 0.27
[5/70] mean_loss : 0.15
[6/70] mean_loss : 0.16
[6/70] mean_loss : 0.14
[7/70] mean_loss : 0.09
[7/70] mean_loss : 0.13
[8/70] mean_loss : 0.21
[8/70] mean_loss : 0.12
[9/70] mean_loss : 0.18
[9/70] mean_loss : 0.12
[10/70] mean_loss : 0.16
[10/70] mean_loss : 0.11
[11/70] mean_loss : 0.08
[11/70] mean_loss : 0.11
[12/70] mean_loss : 0.14
[12/70] mean_loss : 0.11
[13/70] mean_loss : 0.09
[13/70] mean_loss : 0.10
[14/70] mean_loss : 0.05
[14/70] mean_loss : 0.10
[15/70] mean_loss : 0.15
[15/70] mean_loss : 0.10
[16/70] mean_loss : 0.08
[16/70] mean_loss : 0.10
[17/70] mean_loss : 0.10
[17/70] mean_loss : 0.10
[18/70] mean_loss : 0.15
[18/70] mean_loss : 0.10
[19/70] mean_loss : 0.13
[19/70] mean_loss : 0.10
[20/70] mean_loss : 0.11
[20/70] mean_loss : 0.10
[21/70] mean_loss : 0.15
[21/70] mean_loss : 0.10
[22/70] mean_loss : 0.04
[22/70] mean_loss : 0.09
[23/70] mean_loss : 0.08
[23/70] mean_loss : 0.10
[24/70] mean_loss : 0.10
[24/70] mean_loss : 0.09
[25/70] mean_loss : 0.08
[25/70] mean_loss : 0.09
[26/70] mean_loss : 0.06
[26/70] mean_loss : 0.09
[27/70] mean_loss : 0.08
[27/70] mean_loss : 0.09
[28/70] mean_loss : 0.08
[28/70] mean_loss : 0.09
[29/70] mean_loss : 0.08
[29/70] mean_loss : 0.08
[30/70] mean_loss : 0.06
[30/70] mean_loss : 0.08
[31/70] mean_loss : 0.05
[31/70] mean_loss : 0.07
[32/70] mean_loss : 0.11
[32/70] mean_loss : 0.07
[33/70] mean_loss : 0.03
[33/70] mean_loss : 0.07
[34/70] mean_loss : 0.13
[34/70] mean_loss : 0.07
[35/70] mean_loss : 0.03
[35/70] mean_loss : 0.06
[36/70] mean_loss : 0.03
[36/70] mean_loss : 0.06
[37/70] mean_loss : 0.02
[37/70] mean_loss : 0.06
[38/70] mean_loss : 0.06
[38/70] mean_loss : 0.05
[39/70] mean_loss : 0.03
[39/70] mean_loss : 0.05
[40/70] mean_loss : 0.08
[40/70] mean_loss : 0.05
[41/70] mean_loss : 0.03
[41/70] mean_loss : 0.05
[42/70] mean_loss : 0.03
[42/70] mean_loss : 0.04
[43/70] mean_loss : 0.05
[43/70] mean_loss : 0.04
[44/70] mean_loss : 0.01
Early Stopping!
90.0
Error occurred
[0/70] mean_loss : 3.82
[0/70] mean_loss : 1.17
[1/70] mean_loss : 0.27
[1/70] mean_loss : 0.28
[2/70] mean_loss : 0.31
[2/70] mean_loss : 0.27
[3/70] mean_loss : 0.28
[3/70] mean_loss : 0.26
[4/70] mean_loss : 0.29
[4/70] mean_loss : 0.22
[5/70] mean_loss : 0.16
[5/70] mean_loss : 0.13
[6/70] mean_loss : 0.02
[6/70] mean_loss : 0.03
[7/70] mean_loss : 0.04
[7/70] mean_loss : 0.03
[8/70] mean_loss : 0.03
[8/70] mean_loss : 0.03
[9/70] mean_loss : 0.02
[9/70] mean_loss : 0.03
[10/70] mean_loss : 0.04
[10/70] mean_loss : 0.02
[11/70] mean_loss : 0.02
[11/70] mean_loss : 0.02
[12/70] mean_loss : 0.02
[12/70] mean_loss : 0.02
[13/70] mean_loss : 0.01
Early Stopping!
77.7
Error occurred
[0/70] mean_loss : 3.80
[0/70] mean_loss : 1.28
[1/70] mean_loss : 0.65
[1/70] mean_loss : 0.65
[2/70] mean_loss : 0.65
[2/70] mean_loss : 0.65
[3/70] mean_loss : 0.66
[3/70] mean_loss : 0.64
[4/70] mean_loss : 0.62
[4/70] mean_loss : 0.62
[5/70] mean_loss : 0.65
[5/70] mean_loss : 0.61
[6/70] mean_loss : 0.58
[6/70] mean_loss : 0.60
[7/70] mean_loss : 0.61
[7/70] mean_loss : 0.60
[8/70] mean_loss : 0.59
[8/70] mean_loss : 0.60
[9/70] mean_loss : 0.60
[9/70] mean_loss : 0.60
[10/70] mean_loss : 0.57
[10/70] mean_loss : 0.60
[11/70] mean_loss : 0.60
[11/70] mean_loss : 0.60
[12/70] mean_loss : 0.63
[12/70] mean_loss : 0.60
[13/70] mean_loss : 0.60
[13/70] mean_loss : 0.60
[14/70] mean_loss : 0.59
[14/70] mean_loss : 0.60
[15/70] mean_loss : 0.61
[15/70] mean_loss : 0.60
[16/70] mean_loss : 0.59
[16/70] mean_loss : 0.60
[17/70] mean_loss : 0.60
[17/70] mean_loss : 0.60
[18/70] mean_loss : 0.60
[18/70] mean_loss : 0.58
[19/70] mean_loss : 0.48
[19/70] mean_loss : 0.49
[20/70] mean_loss : 0.49
[20/70] mean_loss : 0.47
[21/70] mean_loss : 0.45
[21/70] mean_loss : 0.42
[22/70] mean_loss : 0.38
[22/70] mean_loss : 0.39
[23/70] mean_loss : 0.40
[23/70] mean_loss : 0.39
[24/70] mean_loss : 0.39
[24/70] mean_loss : 0.38
[25/70] mean_loss : 0.43
[25/70] mean_loss : 0.36
[26/70] mean_loss : 0.33
[26/70] mean_loss : 0.32
[27/70] mean_loss : 0.31
[27/70] mean_loss : 0.31
[28/70] mean_loss : 0.30
[28/70] mean_loss : 0.30
[29/70] mean_loss : 0.32
[29/70] mean_loss : 0.27
[30/70] mean_loss : 0.20
[30/70] mean_loss : 0.23
[31/70] mean_loss : 0.16
[31/70] mean_loss : 0.21
[32/70] mean_loss : 0.24
[32/70] mean_loss : 0.20
[33/70] mean_loss : 0.25
[33/70] mean_loss : 0.20
[34/70] mean_loss : 0.25
[34/70] mean_loss : 0.20
[35/70] mean_loss : 0.15
[35/70] mean_loss : 0.20
[36/70] mean_loss : 0.17
[36/70] mean_loss : 0.20
[37/70] mean_loss : 0.20
[37/70] mean_loss : 0.19
[38/70] mean_loss : 0.18
[38/70] mean_loss : 0.20
[39/70] mean_loss : 0.19
[39/70] mean_loss : 0.19
[40/70] mean_loss : 0.21
[40/70] mean_loss : 0.18
[41/70] mean_loss : 0.19
[41/70] mean_loss : 0.16
[42/70] mean_loss : 0.13
[42/70] mean_loss : 0.12
[43/70] mean_loss : 0.06
[43/70] mean_loss : 0.09
[44/70] mean_loss : 0.06
[44/70] mean_loss : 0.08
[45/70] mean_loss : 0.08
[45/70] mean_loss : 0.08
[46/70] mean_loss : 0.09
[46/70] mean_loss : 0.03
[47/70] mean_loss : 0.03
[47/70] mean_loss : 0.02
[48/70] mean_loss : 0.00
Early Stopping!
95.89999999999999
Error occurred
[0/70] mean_loss : 3.25
[0/70] mean_loss : 1.00
[1/70] mean_loss : 0.71
[1/70] mean_loss : 0.70
[2/70] mean_loss : 0.70
[2/70] mean_loss : 0.70
[3/70] mean_loss : 0.70
[3/70] mean_loss : 0.70
[4/70] mean_loss : 0.70
[4/70] mean_loss : 0.67
[5/70] mean_loss : 0.64
[5/70] mean_loss : 0.61
[6/70] mean_loss : 0.55
[6/70] mean_loss : 0.48
[7/70] mean_loss : 0.41
[7/70] mean_loss : 0.44
[8/70] mean_loss : 0.42
[8/70] mean_loss : 0.43
[9/70] mean_loss : 0.37
[9/70] mean_loss : 0.41
[10/70] mean_loss : 0.36
[10/70] mean_loss : 0.41
[11/70] mean_loss : 0.44
[11/70] mean_loss : 0.40
[12/70] mean_loss : 0.42
[12/70] mean_loss : 0.39
[13/70] mean_loss : 0.41
[13/70] mean_loss : 0.38
[14/70] mean_loss : 0.36
[14/70] mean_loss : 0.37
[15/70] mean_loss : 0.38
[15/70] mean_loss : 0.36
[16/70] mean_loss : 0.35
[16/70] mean_loss : 0.36
[17/70] mean_loss : 0.33
[17/70] mean_loss : 0.35
[18/70] mean_loss : 0.35
[18/70] mean_loss : 0.34
[19/70] mean_loss : 0.27
[19/70] mean_loss : 0.33
[20/70] mean_loss : 0.30
[20/70] mean_loss : 0.32
[21/70] mean_loss : 0.30
[21/70] mean_loss : 0.32
[22/70] mean_loss : 0.28
[22/70] mean_loss : 0.31
[23/70] mean_loss : 0.27
[23/70] mean_loss : 0.29
[24/70] mean_loss : 0.25
[24/70] mean_loss : 0.29
[25/70] mean_loss : 0.30
[25/70] mean_loss : 0.27
[26/70] mean_loss : 0.24
[26/70] mean_loss : 0.26
[27/70] mean_loss : 0.28
[27/70] mean_loss : 0.25
[28/70] mean_loss : 0.21
[28/70] mean_loss : 0.24
[29/70] mean_loss : 0.25
[29/70] mean_loss : 0.22
[30/70] mean_loss : 0.25
[30/70] mean_loss : 0.20
[31/70] mean_loss : 0.19
[31/70] mean_loss : 0.18
[32/70] mean_loss : 0.13
[32/70] mean_loss : 0.16
[33/70] mean_loss : 0.15
[33/70] mean_loss : 0.14
[34/70] mean_loss : 0.10
[34/70] mean_loss : 0.12
[35/70] mean_loss : 0.10
[35/70] mean_loss : 0.10
[36/70] mean_loss : 0.11
[36/70] mean_loss : 0.08
[37/70] mean_loss : 0.07
[37/70] mean_loss : 0.07
[38/70] mean_loss : 0.06
[38/70] mean_loss : 0.06
[39/70] mean_loss : 0.04
[39/70] mean_loss : 0.04
[40/70] mean_loss : 0.02
[40/70] mean_loss : 0.03
[41/70] mean_loss : 0.03
[41/70] mean_loss : 0.03
[42/70] mean_loss : 0.02
[42/70] mean_loss : 0.02
[43/70] mean_loss : 0.01
Early Stopping!
71.2
Error occurred
[0/70] mean_loss : 3.30
[0/70] mean_loss : 0.65
[1/70] mean_loss : 0.35
[1/70] mean_loss : 0.35
[2/70] mean_loss : 0.14
[2/70] mean_loss : 0.07
[3/70] mean_loss : 0.07
[3/70] mean_loss : 0.06
[4/70] mean_loss : 0.06
[4/70] mean_loss : 0.06
[5/70] mean_loss : 0.06
[5/70] mean_loss : 0.06
[6/70] mean_loss : 0.06
[6/70] mean_loss : 0.06
[7/70] mean_loss : 0.05
[7/70] mean_loss : 0.06
[8/70] mean_loss : 0.05
[8/70] mean_loss : 0.06
[9/70] mean_loss : 0.04
[9/70] mean_loss : 0.06
[10/70] mean_loss : 0.05
[10/70] mean_loss : 0.06
[11/70] mean_loss : 0.04
[11/70] mean_loss : 0.06
[12/70] mean_loss : 0.03
[12/70] mean_loss : 0.06
[13/70] mean_loss : 0.04
[13/70] mean_loss : 0.06
[14/70] mean_loss : 0.06
[14/70] mean_loss : 0.06
[15/70] mean_loss : 0.06
[15/70] mean_loss : 0.06
[16/70] mean_loss : 0.04
[16/70] mean_loss : 0.06
[17/70] mean_loss : 0.06
[17/70] mean_loss : 0.06
[18/70] mean_loss : 0.08
[18/70] mean_loss : 0.06
[19/70] mean_loss : 0.06
[19/70] mean_loss : 0.06
[20/70] mean_loss : 0.04
[20/70] mean_loss : 0.06
[21/70] mean_loss : 0.06
[21/70] mean_loss : 0.06
[22/70] mean_loss : 0.06
[22/70] mean_loss : 0.06
[23/70] mean_loss : 0.04
[23/70] mean_loss : 0.06
[24/70] mean_loss : 0.03
[24/70] mean_loss : 0.06
[25/70] mean_loss : 0.05
[25/70] mean_loss : 0.06
[26/70] mean_loss : 0.06
[26/70] mean_loss : 0.06
[27/70] mean_loss : 0.04
[27/70] mean_loss : 0.06
[28/70] mean_loss : 0.07
[28/70] mean_loss : 0.06
[29/70] mean_loss : 0.05
[29/70] mean_loss : 0.06
[30/70] mean_loss : 0.06
[30/70] mean_loss : 0.06
[31/70] mean_loss : 0.06
[31/70] mean_loss : 0.06
[32/70] mean_loss : 0.04
[32/70] mean_loss : 0.06
[33/70] mean_loss : 0.08
[33/70] mean_loss : 0.06
[34/70] mean_loss : 0.07
[34/70] mean_loss : 0.06
[35/70] mean_loss : 0.05
[35/70] mean_loss : 0.06
[36/70] mean_loss : 0.03
[36/70] mean_loss : 0.06
[37/70] mean_loss : 0.05
[37/70] mean_loss : 0.06
[38/70] mean_loss : 0.05
[38/70] mean_loss : 0.06
[39/70] mean_loss : 0.06
[39/70] mean_loss : 0.06
[40/70] mean_loss : 0.10
[40/70] mean_loss : 0.06
[41/70] mean_loss : 0.05
[41/70] mean_loss : 0.06
[42/70] mean_loss : 0.03
[42/70] mean_loss : 0.06
[43/70] mean_loss : 0.06
[43/70] mean_loss : 0.06
[44/70] mean_loss : 0.04
[44/70] mean_loss : 0.06
[45/70] mean_loss : 0.10
[45/70] mean_loss : 0.06
[46/70] mean_loss : 0.09
[46/70] mean_loss : 0.06
[47/70] mean_loss : 0.04
[47/70] mean_loss : 0.06
[48/70] mean_loss : 0.06
[48/70] mean_loss : 0.06
[49/70] mean_loss : 0.07
[49/70] mean_loss : 0.06
[50/70] mean_loss : 0.04
[50/70] mean_loss : 0.06
[51/70] mean_loss : 0.05
[51/70] mean_loss : 0.06
[52/70] mean_loss : 0.07
[52/70] mean_loss : 0.06
[53/70] mean_loss : 0.03
[53/70] mean_loss : 0.06
[54/70] mean_loss : 0.06
[54/70] mean_loss : 0.06
[55/70] mean_loss : 0.06
[55/70] mean_loss : 0.06
[56/70] mean_loss : 0.04
[56/70] mean_loss : 0.06
[57/70] mean_loss : 0.05
[57/70] mean_loss : 0.06
[58/70] mean_loss : 0.06
[58/70] mean_loss : 0.06
[59/70] mean_loss : 0.09
[59/70] mean_loss : 0.06
[60/70] mean_loss : 0.03
[60/70] mean_loss : 0.06
[61/70] mean_loss : 0.05
[61/70] mean_loss : 0.06
[62/70] mean_loss : 0.05
[62/70] mean_loss : 0.06
[63/70] mean_loss : 0.06
[63/70] mean_loss : 0.04
[64/70] mean_loss : 0.04
[64/70] mean_loss : 0.04
[65/70] mean_loss : 0.04
[65/70] mean_loss : 0.03
[66/70] mean_loss : 0.02
[66/70] mean_loss : 0.03
[67/70] mean_loss : 0.02
[67/70] mean_loss : 0.03
[68/70] mean_loss : 0.03
[68/70] mean_loss : 0.02
[69/70] mean_loss : 0.03
[69/70] mean_loss : 0.02
97.0
Error occurred
[0/70] mean_loss : 3.71
[0/70] mean_loss : 1.29
[1/70] mean_loss : 0.91
[1/70] mean_loss : 0.90
[2/70] mean_loss : 0.84
[2/70] mean_loss : 0.85
[3/70] mean_loss : 0.82
[3/70] mean_loss : 0.82
[4/70] mean_loss : 0.82
[4/70] mean_loss : 0.82
[5/70] mean_loss : 0.84
[5/70] mean_loss : 0.81
[6/70] mean_loss : 0.80
[6/70] mean_loss : 0.81
[7/70] mean_loss : 0.81
[7/70] mean_loss : 0.81
[8/70] mean_loss : 0.80
[8/70] mean_loss : 0.81
[9/70] mean_loss : 0.81
[9/70] mean_loss : 0.81
[10/70] mean_loss : 0.80
[10/70] mean_loss : 0.81
[11/70] mean_loss : 0.81
[11/70] mean_loss : 0.81
[12/70] mean_loss : 0.80
[12/70] mean_loss : 0.81
[13/70] mean_loss : 0.81
[13/70] mean_loss : 0.81
[14/70] mean_loss : 0.80
[14/70] mean_loss : 0.81
[15/70] mean_loss : 0.82
[15/70] mean_loss : 0.81
[16/70] mean_loss : 0.81
[16/70] mean_loss : 0.81
[17/70] mean_loss : 0.81
[17/70] mean_loss : 0.81
[18/70] mean_loss : 0.80
[18/70] mean_loss : 0.81
[19/70] mean_loss : 0.82
[19/70] mean_loss : 0.81
[20/70] mean_loss : 0.80
[20/70] mean_loss : 0.81
[21/70] mean_loss : 0.80
[21/70] mean_loss : 0.81
[22/70] mean_loss : 0.81
[22/70] mean_loss : 0.81
[23/70] mean_loss : 0.80
[23/70] mean_loss : 0.81
[24/70] mean_loss : 0.82
[24/70] mean_loss : 0.81
[25/70] mean_loss : 0.80
[25/70] mean_loss : 0.81
[26/70] mean_loss : 0.79
[26/70] mean_loss : 0.81
[27/70] mean_loss : 0.79
[27/70] mean_loss : 0.81
[28/70] mean_loss : 0.79
[28/70] mean_loss : 0.81
[29/70] mean_loss : 0.80
[29/70] mean_loss : 0.81
[30/70] mean_loss : 0.81
[30/70] mean_loss : 0.81
[31/70] mean_loss : 0.80
[31/70] mean_loss : 0.81
[32/70] mean_loss : 0.80
[32/70] mean_loss : 0.81
[33/70] mean_loss : 0.82
[33/70] mean_loss : 0.81
[34/70] mean_loss : 0.80
[34/70] mean_loss : 0.81
[35/70] mean_loss : 0.81
[35/70] mean_loss : 0.81
[36/70] mean_loss : 0.80
[36/70] mean_loss : 0.80
[37/70] mean_loss : 0.80
[37/70] mean_loss : 0.81
[38/70] mean_loss : 0.80
[38/70] mean_loss : 0.80
[39/70] mean_loss : 0.80
[39/70] mean_loss : 0.81
[40/70] mean_loss : 0.80
[40/70] mean_loss : 0.80
[41/70] mean_loss : 0.77
[41/70] mean_loss : 0.79

[42/70] mean_loss : 0.79
[42/70] mean_loss : 0.79
[43/70] mean_loss : 0.79
[43/70] mean_loss : 0.77
[44/70] mean_loss : 0.75
[44/70] mean_loss : 0.76
[45/70] mean_loss : 0.71
[45/70] mean_loss : 0.74
[46/70] mean_loss : 0.76
[46/70] mean_loss : 0.73
[47/70] mean_loss : 0.69
[47/70] mean_loss : 0.71
[48/70] mean_loss : 0.72
[48/70] mean_loss : 0.68
[49/70] mean_loss : 0.71
[49/70] mean_loss : 0.65
[50/70] mean_loss : 0.59
[50/70] mean_loss : 0.62
[51/70] mean_loss : 0.59
[51/70] mean_loss : 0.58
[52/70] mean_loss : 0.62
[52/70] mean_loss : 0.55
[53/70] mean_loss : 0.51
[53/70] mean_loss : 0.52
[54/70] mean_loss : 0.48
[54/70] mean_loss : 0.48
[55/70] mean_loss : 0.39
[55/70] mean_loss : 0.45
[56/70] mean_loss : 0.31
[56/70] mean_loss : 0.42
[57/70] mean_loss : 0.50
[57/70] mean_loss : 0.39
[58/70] mean_loss : 0.32
[58/70] mean_loss : 0.37
[59/70] mean_loss : 0.38
[59/70] mean_loss : 0.34
[60/70] mean_loss : 0.28
[60/70] mean_loss : 0.32
[61/70] mean_loss : 0.26
[61/70] mean_loss : 0.30
[62/70] mean_loss : 0.29
[62/70] mean_loss : 0.27
[63/70] mean_loss : 0.28
[63/70] mean_loss : 0.25
[64/70] mean_loss : 0.29
[64/70] mean_loss : 0.23
[65/70] mean_loss : 0.18
[65/70] mean_loss : 0.21
[66/70] mean_loss : 0.14
[66/70] mean_loss : 0.20
[67/70] mean_loss : 0.10
[67/70] mean_loss : 0.18
[68/70] mean_loss : 0.13
[68/70] mean_loss : 0.17
[69/70] mean_loss : 0.11
[69/70] mean_loss : 0.16
41.9
Error occurred
[0/70] mean_loss : 3.39
[0/70] mean_loss : 1.23
[1/70] mean_loss : 0.91
[1/70] mean_loss : 0.89
[2/70] mean_loss : 0.85
[2/70] mean_loss : 0.83
[3/70] mean_loss : 0.82
[3/70] mean_loss : 0.82
[4/70] mean_loss : 0.81
[4/70] mean_loss : 0.82
[5/70] mean_loss : 0.82
[5/70] mean_loss : 0.81
[6/70] mean_loss : 0.83
[6/70] mean_loss : 0.81
[7/70] mean_loss : 0.82
[7/70] mean_loss : 0.81
[8/70] mean_loss : 0.81
[8/70] mean_loss : 0.81
[9/70] mean_loss : 0.81
[9/70] mean_loss : 0.81
[10/70] mean_loss : 0.80
[10/70] mean_loss : 0.76
[11/70] mean_loss : 0.74
[11/70] mean_loss : 0.70
[12/70] mean_loss : 0.66
[12/70] mean_loss : 0.60
[13/70] mean_loss : 0.60
[13/70] mean_loss : 0.55
[14/70] mean_loss : 0.50
[14/70] mean_loss : 0.54
[15/70] mean_loss : 0.53
[15/70] mean_loss : 0.52
[16/70] mean_loss : 0.42
[16/70] mean_loss : 0.51
[17/70] mean_loss : 0.51
[17/70] mean_loss : 0.50
[18/70] mean_loss : 0.51
[18/70] mean_loss : 0.50
[19/70] mean_loss : 0.51
[19/70] mean_loss : 0.49
[20/70] mean_loss : 0.50
[20/70] mean_loss : 0.48
[21/70] mean_loss : 0.52
[21/70] mean_loss : 0.46
[22/70] mean_loss : 0.48
[22/70] mean_loss : 0.46
[23/70] mean_loss : 0.43
[23/70] mean_loss : 0.44
[24/70] mean_loss : 0.43
[24/70] mean_loss : 0.43
[25/70] mean_loss : 0.37
[25/70] mean_loss : 0.41
[26/70] mean_loss : 0.37
[26/70] mean_loss : 0.39
[27/70] mean_loss : 0.38
[27/70] mean_loss : 0.38
[28/70] mean_loss : 0.35
[28/70] mean_loss : 0.36
[29/70] mean_loss : 0.33
[29/70] mean_loss : 0.35
[30/70] mean_loss : 0.42
[30/70] mean_loss : 0.32
[31/70] mean_loss : 0.25
[31/70] mean_loss : 0.30
[32/70] mean_loss : 0.24
[32/70] mean_loss : 0.28
[33/70] mean_loss : 0.25
[33/70] mean_loss : 0.26
[34/70] mean_loss : 0.17
[34/70] mean_loss : 0.24
[35/70] mean_loss : 0.27
[35/70] mean_loss : 0.21
[36/70] mean_loss : 0.14
[36/70] mean_loss : 0.20
[37/70] mean_loss : 0.14
[37/70] mean_loss : 0.17
[38/70] mean_loss : 0.17
[38/70] mean_loss : 0.15
[39/70] mean_loss : 0.11
[39/70] mean_loss : 0.14
[40/70] mean_loss : 0.11
[40/70] mean_loss : 0.13
[41/70] mean_loss : 0.12
[41/70] mean_loss : 0.11
[42/70] mean_loss : 0.08
[42/70] mean_loss : 0.09
[43/70] mean_loss : 0.04
[43/70] mean_loss : 0.08
[44/70] mean_loss : 0.09
[44/70] mean_loss : 0.08
[45/70] mean_loss : 0.05
[45/70] mean_loss : 0.07
[46/70] mean_loss : 0.06
[46/70] mean_loss : 0.06
[47/70] mean_loss : 0.03
[47/70] mean_loss : 0.05
[48/70] mean_loss : 0.03
[48/70] mean_loss : 0.04
[49/70] mean_loss : 0.02
[49/70] mean_loss : 0.04
[50/70] mean_loss : 0.03
[50/70] mean_loss : 0.04
[51/70] mean_loss : 0.04
[51/70] mean_loss : 0.08
[52/70] mean_loss : 0.04
[52/70] mean_loss : 0.06
[53/70] mean_loss : 0.02
[53/70] mean_loss : 0.03
[54/70] mean_loss : 0.01
Early Stopping!
43.1
Error occurred
--------------------------------------  -----
data/en-10k/qa19_path-finding            18.2
data/en-10k/qa4_two-arg-relations       100
data/en-10k/qa16_basic-induction         47.6
data/en-10k/qa17_positional-reasoning    91.5
data/en-10k/qa9_simple-negation          74
data/en-10k/qa11_basic-coreference       67.6
data/en-10k/qa6_yes-no-questions         50.3
data/en-10k/qa7_counting                 91.4
data/en-10k/qa12_conjunction             73.2
data/en-10k/qa2_two-supporting-facts     39.3
data/en-10k/qa8_lists-sets               80.4
data/en-10k/qa10_indefinite-knowledge    67.7
data/en-10k/qa1_single-supporting-fact   68.6
data/en-10k/qa13_compound-coreference    90
data/en-10k/qa20_agents-motivations      77.7
data/en-10k/qa5_three-arg-relations      95.9
data/en-10k/qa15_basic-deduction         71.2
data/en-10k/qa18_size-reasoning          97
data/en-10k/qa3_three-supporting-facts   41.9
data/en-10k/qa14_time-reasoning          43.1
--------------------------------------  -----
